{"/home/paola/Projects/Bancolombia/crypto-app/app.js": {"path":"/home/paola/Projects/Bancolombia/crypto-app/app.js","statementMap":{"0":{"start":{"line":1,"column":16},"end":{"line":1,"column":34}},"1":{"start":{"line":2,"column":13},"end":{"line":2,"column":28}},"2":{"start":{"line":3,"column":19},"end":{"line":3,"column":41}},"3":{"start":{"line":4,"column":13},"end":{"line":4,"column":28}},"4":{"start":{"line":7,"column":20},"end":{"line":7,"column":65}},"5":{"start":{"line":8,"column":20},"end":{"line":8,"column":65}},"6":{"start":{"line":9,"column":25},"end":{"line":9,"column":75}},"7":{"start":{"line":10,"column":19},"end":{"line":10,"column":63}},"8":{"start":{"line":11,"column":23},"end":{"line":11,"column":71}},"9":{"start":{"line":17,"column":4},"end":{"line":17,"column":49}},"10":{"start":{"line":21,"column":12},"end":{"line":21,"column":21}},"11":{"start":{"line":24,"column":0},"end":{"line":24,"column":27}},"12":{"start":{"line":25,"column":0},"end":{"line":25,"column":51}},"13":{"start":{"line":28,"column":0},"end":{"line":28,"column":31}},"14":{"start":{"line":29,"column":0},"end":{"line":29,"column":31}},"15":{"start":{"line":30,"column":0},"end":{"line":30,"column":41}},"16":{"start":{"line":31,"column":0},"end":{"line":31,"column":29}},"17":{"start":{"line":32,"column":0},"end":{"line":32,"column":37}},"18":{"start":{"line":35,"column":0},"end":{"line":37,"column":3}},"19":{"start":{"line":36,"column":2},"end":{"line":36,"column":25}},"20":{"start":{"line":40,"column":0},"end":{"line":45,"column":2}},"21":{"start":{"line":42,"column":39},"end":{"line":42,"column":54}},"22":{"start":{"line":43,"column":2},"end":{"line":43,"column":39}},"23":{"start":{"line":48,"column":0},"end":{"line":48,"column":19}},"24":{"start":{"line":49,"column":0},"end":{"line":49,"column":28}},"25":{"start":{"line":50,"column":0},"end":{"line":50,"column":22}},"26":{"start":{"line":52,"column":0},"end":{"line":52,"column":21}}},"fnMap":{"0":{"name":"(anonymous_0)","decl":{"start":{"line":35,"column":13},"end":{"line":35,"column":14}},"loc":{"start":{"line":35,"column":33},"end":{"line":37,"column":1}},"line":35},"1":{"name":"(anonymous_1)","decl":{"start":{"line":40,"column":8},"end":{"line":40,"column":9}},"loc":{"start":{"line":40,"column":34},"end":{"line":45,"column":1}},"line":40}},"branchMap":{},"s":{"0":1,"1":1,"2":1,"3":1,"4":1,"5":1,"6":1,"7":1,"8":1,"9":1,"10":1,"11":1,"12":1,"13":1,"14":1,"15":1,"16":1,"17":1,"18":1,"19":0,"20":1,"21":0,"22":0,"23":1,"24":1,"25":1,"26":1},"f":{"0":0,"1":0},"b":{},"_coverageSchema":"1a1c01bbd47fc00a2c39e90264f33305004495a9","hash":"83cf14e96cfb4abc59e761626d4e3572c219ca70"}
,"/home/paola/Projects/Bancolombia/crypto-app/config/index.js": {"path":"/home/paola/Projects/Bancolombia/crypto-app/config/index.js","statementMap":{"0":{"start":{"line":1,"column":0},"end":{"line":1,"column":27}},"1":{"start":{"line":3,"column":15},"end":{"line":8,"column":1}},"2":{"start":{"line":10,"column":0},"end":{"line":10,"column":28}}},"fnMap":{},"branchMap":{},"s":{"0":1,"1":1,"2":1},"f":{},"b":{},"_coverageSchema":"1a1c01bbd47fc00a2c39e90264f33305004495a9","hash":"06cf5fb7029cae89c66d394cf136cc9140b39f41"}
,"/home/paola/Projects/Bancolombia/crypto-app/models/index.js": {"path":"/home/paola/Projects/Bancolombia/crypto-app/models/index.js","statementMap":{"0":{"start":{"line":3,"column":11},"end":{"line":3,"column":24}},"1":{"start":{"line":4,"column":13},"end":{"line":4,"column":28}},"2":{"start":{"line":5,"column":18},"end":{"line":5,"column":38}},"3":{"start":{"line":6,"column":17},"end":{"line":6,"column":42}},"4":{"start":{"line":7,"column":12},"end":{"line":7,"column":49}},"5":{"start":{"line":8,"column":15},"end":{"line":8,"column":65}},"6":{"start":{"line":9,"column":11},"end":{"line":9,"column":13}},"7":{"start":{"line":12,"column":0},"end":{"line":16,"column":1}},"8":{"start":{"line":13,"column":2},"end":{"line":13,"column":74}},"9":{"start":{"line":15,"column":2},"end":{"line":15,"column":87}},"10":{"start":{"line":18,"column":0},"end":{"line":26,"column":5}},"11":{"start":{"line":21,"column":4},"end":{"line":21,"column":90}},"12":{"start":{"line":24,"column":18},"end":{"line":24,"column":85}},"13":{"start":{"line":25,"column":4},"end":{"line":25,"column":27}},"14":{"start":{"line":28,"column":0},"end":{"line":32,"column":3}},"15":{"start":{"line":29,"column":2},"end":{"line":31,"column":3}},"16":{"start":{"line":30,"column":4},"end":{"line":30,"column":32}},"17":{"start":{"line":34,"column":0},"end":{"line":34,"column":25}},"18":{"start":{"line":35,"column":0},"end":{"line":35,"column":25}},"19":{"start":{"line":37,"column":0},"end":{"line":37,"column":20}}},"fnMap":{"0":{"name":"(anonymous_0)","decl":{"start":{"line":20,"column":10},"end":{"line":20,"column":11}},"loc":{"start":{"line":20,"column":18},"end":{"line":22,"column":3}},"line":20},"1":{"name":"(anonymous_1)","decl":{"start":{"line":23,"column":11},"end":{"line":23,"column":12}},"loc":{"start":{"line":23,"column":19},"end":{"line":26,"column":3}},"line":23},"2":{"name":"(anonymous_2)","decl":{"start":{"line":28,"column":24},"end":{"line":28,"column":25}},"loc":{"start":{"line":28,"column":37},"end":{"line":32,"column":1}},"line":28}},"branchMap":{"0":{"loc":{"start":{"line":7,"column":12},"end":{"line":7,"column":49}},"type":"binary-expr","locations":[{"start":{"line":7,"column":12},"end":{"line":7,"column":32}},{"start":{"line":7,"column":36},"end":{"line":7,"column":49}}],"line":7},"1":{"loc":{"start":{"line":12,"column":0},"end":{"line":16,"column":1}},"type":"if","locations":[{"start":{"line":12,"column":0},"end":{"line":16,"column":1}},{"start":{"line":12,"column":0},"end":{"line":16,"column":1}}],"line":12},"2":{"loc":{"start":{"line":21,"column":11},"end":{"line":21,"column":89}},"type":"binary-expr","locations":[{"start":{"line":21,"column":12},"end":{"line":21,"column":35}},{"start":{"line":21,"column":41},"end":{"line":21,"column":58}},{"start":{"line":21,"column":64},"end":{"line":21,"column":88}}],"line":21},"3":{"loc":{"start":{"line":29,"column":2},"end":{"line":31,"column":3}},"type":"if","locations":[{"start":{"line":29,"column":2},"end":{"line":31,"column":3}},{"start":{"line":29,"column":2},"end":{"line":31,"column":3}}],"line":29}},"s":{"0":1,"1":1,"2":1,"3":1,"4":1,"5":1,"6":1,"7":1,"8":0,"9":1,"10":1,"11":3,"12":2,"13":2,"14":1,"15":2,"16":2,"17":1,"18":1,"19":1},"f":{"0":3,"1":2,"2":2},"b":{"0":[1,0],"1":[0,1],"2":[3,3,2],"3":[2,0]},"_coverageSchema":"1a1c01bbd47fc00a2c39e90264f33305004495a9","hash":"e168247765d8484bc74866d769c738761fe5ab37"}
,"/home/paola/Projects/Bancolombia/crypto-app/models/user.js": {"path":"/home/paola/Projects/Bancolombia/crypto-app/models/user.js","statementMap":{"0":{"start":{"line":4,"column":4},"end":{"line":4,"column":24}},"1":{"start":{"line":5,"column":0},"end":{"line":27,"column":2}},"2":{"start":{"line":16,"column":2},"end":{"line":25,"column":5}},"3":{"start":{"line":26,"column":2},"end":{"line":26,"column":14}}},"fnMap":{"0":{"name":"(anonymous_0)","decl":{"start":{"line":5,"column":17},"end":{"line":5,"column":18}},"loc":{"start":{"line":5,"column":43},"end":{"line":27,"column":1}},"line":5},"1":{"name":"(anonymous_1)","decl":{"start":{"line":12,"column":4},"end":{"line":12,"column":5}},"loc":{"start":{"line":12,"column":29},"end":{"line":14,"column":5}},"line":12}},"branchMap":{},"s":{"0":1,"1":1,"2":1,"3":1},"f":{"0":1,"1":1},"b":{},"_coverageSchema":"1a1c01bbd47fc00a2c39e90264f33305004495a9","hash":"2d6a3ff41d2366f8043a648948f085869ded04e8"}
,"/home/paola/Projects/Bancolombia/crypto-app/models/usercoins.js": {"path":"/home/paola/Projects/Bancolombia/crypto-app/models/usercoins.js","statementMap":{"0":{"start":{"line":4,"column":4},"end":{"line":4,"column":24}},"1":{"start":{"line":5,"column":0},"end":{"line":24,"column":2}},"2":{"start":{"line":16,"column":2},"end":{"line":22,"column":5}},"3":{"start":{"line":23,"column":2},"end":{"line":23,"column":19}}},"fnMap":{"0":{"name":"(anonymous_0)","decl":{"start":{"line":5,"column":17},"end":{"line":5,"column":18}},"loc":{"start":{"line":5,"column":43},"end":{"line":24,"column":1}},"line":5},"1":{"name":"(anonymous_1)","decl":{"start":{"line":12,"column":4},"end":{"line":12,"column":5}},"loc":{"start":{"line":12,"column":29},"end":{"line":14,"column":5}},"line":12}},"branchMap":{},"s":{"0":1,"1":1,"2":1,"3":1},"f":{"0":1,"1":1},"b":{},"_coverageSchema":"1a1c01bbd47fc00a2c39e90264f33305004495a9","hash":"05458b238ff20e90138d3ae45a6b5f152a136c3a"}
,"/home/paola/Projects/Bancolombia/crypto-app/routes/api/auth.js": {"path":"/home/paola/Projects/Bancolombia/crypto-app/routes/api/auth.js","statementMap":{"0":{"start":{"line":1,"column":16},"end":{"line":1,"column":34}},"1":{"start":{"line":2,"column":15},"end":{"line":2,"column":31}},"2":{"start":{"line":3,"column":17},"end":{"line":3,"column":36}},"3":{"start":{"line":4,"column":13},"end":{"line":4,"column":28}},"4":{"start":{"line":5,"column":12},"end":{"line":5,"column":35}},"5":{"start":{"line":8,"column":19},"end":{"line":8,"column":39}},"6":{"start":{"line":11,"column":0},"end":{"line":11,"column":42}},"7":{"start":{"line":13,"column":0},"end":{"line":36,"column":3}},"8":{"start":{"line":14,"column":2},"end":{"line":35,"column":21}},"9":{"start":{"line":15,"column":4},"end":{"line":34,"column":5}},"10":{"start":{"line":16,"column":6},"end":{"line":18,"column":7}},"11":{"start":{"line":17,"column":8},"end":{"line":17,"column":34}},"12":{"start":{"line":20,"column":6},"end":{"line":31,"column":9}},"13":{"start":{"line":21,"column":8},"end":{"line":23,"column":9}},"14":{"start":{"line":22,"column":10},"end":{"line":22,"column":22}},"15":{"start":{"line":25,"column":24},"end":{"line":25,"column":63}},"16":{"start":{"line":26,"column":22},"end":{"line":28,"column":10}},"17":{"start":{"line":30,"column":8},"end":{"line":30,"column":61}},"18":{"start":{"line":33,"column":6},"end":{"line":33,"column":16}},"19":{"start":{"line":38,"column":0},"end":{"line":38,"column":24}}},"fnMap":{"0":{"name":"(anonymous_0)","decl":{"start":{"line":13,"column":22},"end":{"line":13,"column":23}},"loc":{"start":{"line":13,"column":53},"end":{"line":36,"column":1}},"line":13},"1":{"name":"(anonymous_1)","decl":{"start":{"line":14,"column":33},"end":{"line":14,"column":34}},"loc":{"start":{"line":14,"column":55},"end":{"line":35,"column":3}},"line":14},"2":{"name":"(anonymous_2)","decl":{"start":{"line":20,"column":42},"end":{"line":20,"column":43}},"loc":{"start":{"line":20,"column":64},"end":{"line":31,"column":7}},"line":20}},"branchMap":{"0":{"loc":{"start":{"line":16,"column":6},"end":{"line":18,"column":7}},"type":"if","locations":[{"start":{"line":16,"column":6},"end":{"line":18,"column":7}},{"start":{"line":16,"column":6},"end":{"line":18,"column":7}}],"line":16},"1":{"loc":{"start":{"line":16,"column":10},"end":{"line":16,"column":24}},"type":"binary-expr","locations":[{"start":{"line":16,"column":10},"end":{"line":16,"column":15}},{"start":{"line":16,"column":19},"end":{"line":16,"column":24}}],"line":16},"2":{"loc":{"start":{"line":21,"column":8},"end":{"line":23,"column":9}},"type":"if","locations":[{"start":{"line":21,"column":8},"end":{"line":23,"column":9}},{"start":{"line":21,"column":8},"end":{"line":23,"column":9}}],"line":21}},"s":{"0":1,"1":1,"2":1,"3":1,"4":1,"5":1,"6":1,"7":1,"8":0,"9":0,"10":0,"11":0,"12":0,"13":0,"14":0,"15":0,"16":0,"17":0,"18":0,"19":1},"f":{"0":0,"1":0,"2":0},"b":{"0":[0,0],"1":[0,0],"2":[0,0]},"_coverageSchema":"1a1c01bbd47fc00a2c39e90264f33305004495a9","hash":"155d373a39beaeeecfee5759ff3666d71f08b4a1"}
,"/home/paola/Projects/Bancolombia/crypto-app/routes/api/coins.js": {"path":"/home/paola/Projects/Bancolombia/crypto-app/routes/api/coins.js","statementMap":{"0":{"start":{"line":1,"column":16},"end":{"line":1,"column":34}},"1":{"start":{"line":2,"column":15},"end":{"line":2,"column":31}},"2":{"start":{"line":3,"column":11},"end":{"line":3,"column":26}},"3":{"start":{"line":4,"column":21},"end":{"line":4,"column":49}},"4":{"start":{"line":6,"column":21},"end":{"line":6,"column":39}},"5":{"start":{"line":8,"column":18},"end":{"line":13,"column":1}},"6":{"start":{"line":15,"column":0},"end":{"line":26,"column":2}},"7":{"start":{"line":16,"column":4},"end":{"line":25,"column":5}},"8":{"start":{"line":17,"column":22},"end":{"line":17,"column":51}},"9":{"start":{"line":19,"column":8},"end":{"line":21,"column":11}},"10":{"start":{"line":23,"column":8},"end":{"line":23,"column":18}},"11":{"start":{"line":28,"column":0},"end":{"line":28,"column":24}}},"fnMap":{"0":{"name":"(anonymous_0)","decl":{"start":{"line":15,"column":35},"end":{"line":15,"column":36}},"loc":{"start":{"line":15,"column":63},"end":{"line":26,"column":1}},"line":15}},"branchMap":{},"s":{"0":1,"1":1,"2":1,"3":1,"4":1,"5":1,"6":1,"7":2,"8":2,"9":2,"10":0,"11":1},"f":{"0":2},"b":{},"_coverageSchema":"1a1c01bbd47fc00a2c39e90264f33305004495a9","hash":"17df06a1a5e644634135f5e767de4555f5bbd7bd"}
,"/home/paola/Projects/Bancolombia/crypto-app/routes/api/createuser.js": {"path":"/home/paola/Projects/Bancolombia/crypto-app/routes/api/createuser.js","statementMap":{"0":{"start":{"line":1,"column":16},"end":{"line":1,"column":34}},"1":{"start":{"line":2,"column":15},"end":{"line":2,"column":31}},"2":{"start":{"line":3,"column":11},"end":{"line":3,"column":26}},"3":{"start":{"line":4,"column":20},"end":{"line":4,"column":47}},"4":{"start":{"line":6,"column":20},"end":{"line":6,"column":37}},"5":{"start":{"line":8,"column":18},"end":{"line":13,"column":1}},"6":{"start":{"line":15,"column":0},"end":{"line":32,"column":2}},"7":{"start":{"line":16,"column":27},"end":{"line":16,"column":30}},"8":{"start":{"line":19,"column":4},"end":{"line":29,"column":5}},"9":{"start":{"line":20,"column":28},"end":{"line":20,"column":66}},"10":{"start":{"line":22,"column":8},"end":{"line":25,"column":11}},"11":{"start":{"line":27,"column":8},"end":{"line":27,"column":18}},"12":{"start":{"line":34,"column":0},"end":{"line":34,"column":24}}},"fnMap":{"0":{"name":"(anonymous_0)","decl":{"start":{"line":15,"column":36},"end":{"line":15,"column":37}},"loc":{"start":{"line":15,"column":68},"end":{"line":32,"column":1}},"line":15}},"branchMap":{},"s":{"0":1,"1":1,"2":1,"3":1,"4":1,"5":1,"6":1,"7":1,"8":1,"9":1,"10":0,"11":1,"12":1},"f":{"0":1},"b":{},"_coverageSchema":"1a1c01bbd47fc00a2c39e90264f33305004495a9","hash":"52b7a94b0773f9b37eccc16a9f639b6b45b1ff82"}
,"/home/paola/Projects/Bancolombia/crypto-app/routes/api/price.js": {"path":"/home/paola/Projects/Bancolombia/crypto-app/routes/api/price.js","statementMap":{"0":{"start":{"line":1,"column":16},"end":{"line":1,"column":34}},"1":{"start":{"line":2,"column":15},"end":{"line":2,"column":31}},"2":{"start":{"line":3,"column":11},"end":{"line":3,"column":26}},"3":{"start":{"line":4,"column":21},"end":{"line":4,"column":49}},"4":{"start":{"line":6,"column":21},"end":{"line":6,"column":39}},"5":{"start":{"line":8,"column":18},"end":{"line":13,"column":1}},"6":{"start":{"line":15,"column":0},"end":{"line":25,"column":2}},"7":{"start":{"line":16,"column":4},"end":{"line":24,"column":5}},"8":{"start":{"line":17,"column":22},"end":{"line":17,"column":51}},"9":{"start":{"line":18,"column":8},"end":{"line":20,"column":11}},"10":{"start":{"line":22,"column":8},"end":{"line":22,"column":18}},"11":{"start":{"line":27,"column":0},"end":{"line":27,"column":24}}},"fnMap":{"0":{"name":"(anonymous_0)","decl":{"start":{"line":15,"column":35},"end":{"line":15,"column":36}},"loc":{"start":{"line":15,"column":67},"end":{"line":25,"column":1}},"line":15}},"branchMap":{},"s":{"0":1,"1":1,"2":1,"3":1,"4":1,"5":1,"6":1,"7":2,"8":2,"9":2,"10":0,"11":1},"f":{"0":2},"b":{},"_coverageSchema":"1a1c01bbd47fc00a2c39e90264f33305004495a9","hash":"49e88570246b01667c78c6d3e03216b75e867e4f"}
,"/home/paola/Projects/Bancolombia/crypto-app/routes/api/userinfo.js": {"path":"/home/paola/Projects/Bancolombia/crypto-app/routes/api/userinfo.js","statementMap":{"0":{"start":{"line":1,"column":16},"end":{"line":1,"column":34}},"1":{"start":{"line":2,"column":15},"end":{"line":2,"column":31}},"2":{"start":{"line":3,"column":11},"end":{"line":3,"column":26}},"3":{"start":{"line":4,"column":20},"end":{"line":4,"column":47}},"4":{"start":{"line":5,"column":17},"end":{"line":5,"column":36}},"5":{"start":{"line":7,"column":0},"end":{"line":7,"column":40}},"6":{"start":{"line":8,"column":20},"end":{"line":8,"column":37}},"7":{"start":{"line":10,"column":18},"end":{"line":15,"column":1}},"8":{"start":{"line":17,"column":0},"end":{"line":35,"column":6}},"9":{"start":{"line":20,"column":31},"end":{"line":20,"column":34}},"10":{"start":{"line":23,"column":8},"end":{"line":32,"column":9}},"11":{"start":{"line":24,"column":32},"end":{"line":24,"column":69}},"12":{"start":{"line":26,"column":12},"end":{"line":28,"column":15}},"13":{"start":{"line":30,"column":12},"end":{"line":30,"column":22}},"14":{"start":{"line":37,"column":0},"end":{"line":37,"column":24}}},"fnMap":{"0":{"name":"(anonymous_0)","decl":{"start":{"line":19,"column":23},"end":{"line":19,"column":24}},"loc":{"start":{"line":19,"column":55},"end":{"line":35,"column":5}},"line":19}},"branchMap":{},"s":{"0":1,"1":1,"2":1,"3":1,"4":1,"5":1,"6":1,"7":1,"8":1,"9":0,"10":0,"11":0,"12":0,"13":0,"14":1},"f":{"0":0},"b":{},"_coverageSchema":"1a1c01bbd47fc00a2c39e90264f33305004495a9","hash":"ed946a386aa4a63af26d9c8d6569ad0de5c971f5"}
,"/home/paola/Projects/Bancolombia/crypto-app/services/coins.js": {"path":"/home/paola/Projects/Bancolombia/crypto-app/services/coins.js","statementMap":{"0":{"start":{"line":1,"column":14},"end":{"line":1,"column":32}},"1":{"start":{"line":2,"column":21},"end":{"line":2,"column":49}},"2":{"start":{"line":4,"column":21},"end":{"line":4,"column":39}},"3":{"start":{"line":11,"column":8},"end":{"line":27,"column":5}},"4":{"start":{"line":12,"column":18},"end":{"line":12,"column":73}},"5":{"start":{"line":14,"column":8},"end":{"line":16,"column":11}},"6":{"start":{"line":18,"column":8},"end":{"line":22,"column":11}},"7":{"start":{"line":25,"column":8},"end":{"line":25,"column":18}},"8":{"start":{"line":29,"column":8},"end":{"line":29,"column":36}},"9":{"start":{"line":35,"column":8},"end":{"line":51,"column":5}},"10":{"start":{"line":36,"column":18},"end":{"line":36,"column":78}},"11":{"start":{"line":38,"column":22},"end":{"line":38,"column":51}},"12":{"start":{"line":40,"column":8},"end":{"line":45,"column":11}},"13":{"start":{"line":49,"column":8},"end":{"line":49,"column":18}},"14":{"start":{"line":52,"column":8},"end":{"line":52,"column":36}},"15":{"start":{"line":59,"column":0},"end":{"line":59,"column":30}}},"fnMap":{"0":{"name":"(anonymous_0)","decl":{"start":{"line":7,"column":4},"end":{"line":7,"column":5}},"loc":{"start":{"line":7,"column":18},"end":{"line":8,"column":5}},"line":7},"1":{"name":"(anonymous_1)","decl":{"start":{"line":10,"column":4},"end":{"line":10,"column":5}},"loc":{"start":{"line":10,"column":15},"end":{"line":31,"column":5}},"line":10},"2":{"name":"(anonymous_2)","decl":{"start":{"line":34,"column":4},"end":{"line":34,"column":5}},"loc":{"start":{"line":34,"column":21},"end":{"line":53,"column":5}},"line":34}},"branchMap":{},"s":{"0":1,"1":1,"2":1,"3":2,"4":2,"5":2,"6":2,"7":0,"8":2,"9":2,"10":2,"11":2,"12":2,"13":0,"14":2,"15":1},"f":{"0":2,"1":2,"2":2},"b":{},"_coverageSchema":"1a1c01bbd47fc00a2c39e90264f33305004495a9","hash":"8ee1bb96f21bc81d861fc04cf1a514b9f3de9b5c"}
,"/home/paola/Projects/Bancolombia/crypto-app/services/token.js": {"path":"/home/paola/Projects/Bancolombia/crypto-app/services/token.js","statementMap":{"0":{"start":{"line":1,"column":14},"end":{"line":1,"column":32}},"1":{"start":{"line":8,"column":8},"end":{"line":29,"column":5}},"2":{"start":{"line":9,"column":18},"end":{"line":9,"column":80}},"3":{"start":{"line":11,"column":8},"end":{"line":16,"column":11}},"4":{"start":{"line":18,"column":8},"end":{"line":18,"column":25}},"5":{"start":{"line":19,"column":8},"end":{"line":23,"column":11}},"6":{"start":{"line":27,"column":8},"end":{"line":27,"column":18}},"7":{"start":{"line":31,"column":8},"end":{"line":31,"column":36}},"8":{"start":{"line":35,"column":0},"end":{"line":35,"column":30}}},"fnMap":{"0":{"name":"(anonymous_0)","decl":{"start":{"line":4,"column":4},"end":{"line":4,"column":5}},"loc":{"start":{"line":4,"column":18},"end":{"line":5,"column":5}},"line":4},"1":{"name":"(anonymous_1)","decl":{"start":{"line":7,"column":4},"end":{"line":7,"column":5}},"loc":{"start":{"line":7,"column":15},"end":{"line":32,"column":5}},"line":7}},"branchMap":{},"s":{"0":1,"1":2,"2":2,"3":2,"4":2,"5":2,"6":0,"7":2,"8":1},"f":{"0":1,"1":2},"b":{},"_coverageSchema":"1a1c01bbd47fc00a2c39e90264f33305004495a9","hash":"90df681ca0961a79c2779bde9406323723a3de6b"}
,"/home/paola/Projects/Bancolombia/crypto-app/services/user.js": {"path":"/home/paola/Projects/Bancolombia/crypto-app/services/user.js","statementMap":{"0":{"start":{"line":1,"column":17},"end":{"line":1,"column":37}},"1":{"start":{"line":2,"column":15},"end":{"line":2,"column":32}},"2":{"start":{"line":9,"column":31},"end":{"line":9,"column":67}},"3":{"start":{"line":10,"column":8},"end":{"line":10,"column":26}},"4":{"start":{"line":11,"column":28},"end":{"line":17,"column":10}},"5":{"start":{"line":18,"column":8},"end":{"line":18,"column":44}},"6":{"start":{"line":25,"column":0},"end":{"line":25,"column":29}}},"fnMap":{"0":{"name":"(anonymous_0)","decl":{"start":{"line":5,"column":4},"end":{"line":5,"column":5}},"loc":{"start":{"line":5,"column":18},"end":{"line":6,"column":5}},"line":5},"1":{"name":"(anonymous_1)","decl":{"start":{"line":8,"column":4},"end":{"line":8,"column":5}},"loc":{"start":{"line":8,"column":31},"end":{"line":20,"column":5}},"line":8}},"branchMap":{},"s":{"0":1,"1":1,"2":1,"3":1,"4":1,"5":0,"6":1},"f":{"0":2,"1":1},"b":{},"_coverageSchema":"1a1c01bbd47fc00a2c39e90264f33305004495a9","hash":"e892d2ccdb0cd1455bfa960bfe7377c628efbb29"}
,"/home/paola/Projects/Bancolombia/crypto-app/utils/testServer.js": {"path":"/home/paola/Projects/Bancolombia/crypto-app/utils/testServer.js","statementMap":{"0":{"start":{"line":1,"column":18},"end":{"line":1,"column":38}},"1":{"start":{"line":2,"column":12},"end":{"line":2,"column":29}},"2":{"start":{"line":6,"column":2},"end":{"line":6,"column":24}},"3":{"start":{"line":9,"column":0},"end":{"line":9,"column":28}}},"fnMap":{"0":{"name":"testServer","decl":{"start":{"line":5,"column":9},"end":{"line":5,"column":19}},"loc":{"start":{"line":5,"column":22},"end":{"line":7,"column":1}},"line":5}},"branchMap":{},"s":{"0":1,"1":1,"2":5,"3":1},"f":{"0":5},"b":{},"_coverageSchema":"1a1c01bbd47fc00a2c39e90264f33305004495a9","hash":"dadd42c7b0ca7952fd8e2b368abd424dfd814662"}
,"/home/paola/Projects/Bancolombia/crypto-app/utils/auth/strategies/basic.js": {"path":"/home/paola/Projects/Bancolombia/crypto-app/utils/auth/strategies/basic.js","statementMap":{"0":{"start":{"line":1,"column":17},"end":{"line":1,"column":36}},"1":{"start":{"line":2,"column":26},"end":{"line":2,"column":50}},"2":{"start":{"line":3,"column":13},"end":{"line":3,"column":28}},"3":{"start":{"line":4,"column":15},"end":{"line":4,"column":32}},"4":{"start":{"line":5,"column":17},"end":{"line":5,"column":43}},"5":{"start":{"line":7,"column":0},"end":{"line":30,"column":2}},"6":{"start":{"line":9,"column":8},"end":{"line":28,"column":9}},"7":{"start":{"line":10,"column":27},"end":{"line":14,"column":14}},"8":{"start":{"line":16,"column":12},"end":{"line":18,"column":13}},"9":{"start":{"line":17,"column":16},"end":{"line":17,"column":54}},"10":{"start":{"line":19,"column":12},"end":{"line":21,"column":13}},"11":{"start":{"line":20,"column":16},"end":{"line":20,"column":54}},"12":{"start":{"line":23,"column":12},"end":{"line":23,"column":34}},"13":{"start":{"line":26,"column":12},"end":{"line":26,"column":29}}},"fnMap":{"0":{"name":"(anonymous_0)","decl":{"start":{"line":8,"column":22},"end":{"line":8,"column":23}},"loc":{"start":{"line":8,"column":62},"end":{"line":29,"column":5}},"line":8}},"branchMap":{"0":{"loc":{"start":{"line":16,"column":12},"end":{"line":18,"column":13}},"type":"if","locations":[{"start":{"line":16,"column":12},"end":{"line":18,"column":13}},{"start":{"line":16,"column":12},"end":{"line":18,"column":13}}],"line":16},"1":{"loc":{"start":{"line":19,"column":12},"end":{"line":21,"column":13}},"type":"if","locations":[{"start":{"line":19,"column":12},"end":{"line":21,"column":13}},{"start":{"line":19,"column":12},"end":{"line":21,"column":13}}],"line":19}},"s":{"0":1,"1":1,"2":1,"3":1,"4":1,"5":1,"6":0,"7":0,"8":0,"9":0,"10":0,"11":0,"12":0,"13":0},"f":{"0":0},"b":{"0":[0,0],"1":[0,0]},"_coverageSchema":"1a1c01bbd47fc00a2c39e90264f33305004495a9","hash":"feefacc0e8513294df375d91011bdf2724cefeaa"}
,"/home/paola/Projects/Bancolombia/crypto-app/utils/auth/strategies/jwt.js": {"path":"/home/paola/Projects/Bancolombia/crypto-app/utils/auth/strategies/jwt.js","statementMap":{"0":{"start":{"line":1,"column":17},"end":{"line":1,"column":36}},"1":{"start":{"line":2,"column":17},"end":{"line":2,"column":43}},"2":{"start":{"line":3,"column":33},"end":{"line":3,"column":56}},"3":{"start":{"line":4,"column":13},"end":{"line":4,"column":28}},"4":{"start":{"line":5,"column":19},"end":{"line":5,"column":45}},"5":{"start":{"line":7,"column":0},"end":{"line":33,"column":2}},"6":{"start":{"line":16,"column":6},"end":{"line":30,"column":7}},"7":{"start":{"line":17,"column":23},"end":{"line":21,"column":14}},"8":{"start":{"line":23,"column":8},"end":{"line":25,"column":9}},"9":{"start":{"line":24,"column":10},"end":{"line":24,"column":48}},"10":{"start":{"line":27,"column":8},"end":{"line":27,"column":30}},"11":{"start":{"line":29,"column":8},"end":{"line":29,"column":25}}},"fnMap":{"0":{"name":"(anonymous_0)","decl":{"start":{"line":13,"column":4},"end":{"line":13,"column":5}},"loc":{"start":{"line":13,"column":37},"end":{"line":31,"column":5}},"line":13}},"branchMap":{"0":{"loc":{"start":{"line":23,"column":8},"end":{"line":25,"column":9}},"type":"if","locations":[{"start":{"line":23,"column":8},"end":{"line":25,"column":9}},{"start":{"line":23,"column":8},"end":{"line":25,"column":9}}],"line":23}},"s":{"0":1,"1":1,"2":1,"3":1,"4":1,"5":1,"6":0,"7":0,"8":0,"9":0,"10":0,"11":0},"f":{"0":0},"b":{"0":[0,0]},"_coverageSchema":"1a1c01bbd47fc00a2c39e90264f33305004495a9","hash":"ee2846d828d131cf169284dfdeadebc64df10967"}
,"/home/paola/Projects/Bancolombia/crypto-app/utils/middlewares/errorsHandlers.js": {"path":"/home/paola/Projects/Bancolombia/crypto-app/utils/middlewares/errorsHandlers.js","statementMap":{"0":{"start":{"line":1,"column":19},"end":{"line":1,"column":42}},"1":{"start":{"line":4,"column":2},"end":{"line":4,"column":25}},"2":{"start":{"line":5,"column":2},"end":{"line":5,"column":12}},"3":{"start":{"line":10,"column":2},"end":{"line":14,"column":3}},"4":{"start":{"line":11,"column":4},"end":{"line":11,"column":47}},"5":{"start":{"line":13,"column":4},"end":{"line":13,"column":14}},"6":{"start":{"line":19,"column":2},"end":{"line":21,"column":3}},"7":{"start":{"line":20,"column":4},"end":{"line":20,"column":14}},"8":{"start":{"line":23,"column":2},"end":{"line":25,"column":3}},"9":{"start":{"line":24,"column":4},"end":{"line":24,"column":21}},"10":{"start":{"line":27,"column":2},"end":{"line":27,"column":32}},"11":{"start":{"line":28,"column":2},"end":{"line":28,"column":38}},"12":{"start":{"line":31,"column":0},"end":{"line":35,"column":2}}},"fnMap":{"0":{"name":"logErrors","decl":{"start":{"line":3,"column":9},"end":{"line":3,"column":18}},"loc":{"start":{"line":3,"column":40},"end":{"line":6,"column":1}},"line":3},"1":{"name":"clientErrorHandler","decl":{"start":{"line":8,"column":9},"end":{"line":8,"column":27}},"loc":{"start":{"line":8,"column":49},"end":{"line":15,"column":1}},"line":8},"2":{"name":"errorHandler","decl":{"start":{"line":17,"column":9},"end":{"line":17,"column":21}},"loc":{"start":{"line":17,"column":43},"end":{"line":29,"column":1}},"line":17}},"branchMap":{"0":{"loc":{"start":{"line":10,"column":2},"end":{"line":14,"column":3}},"type":"if","locations":[{"start":{"line":10,"column":2},"end":{"line":14,"column":3}},{"start":{"line":10,"column":2},"end":{"line":14,"column":3}}],"line":10},"1":{"loc":{"start":{"line":19,"column":2},"end":{"line":21,"column":3}},"type":"if","locations":[{"start":{"line":19,"column":2},"end":{"line":21,"column":3}},{"start":{"line":19,"column":2},"end":{"line":21,"column":3}}],"line":19},"2":{"loc":{"start":{"line":23,"column":2},"end":{"line":25,"column":3}},"type":"if","locations":[{"start":{"line":23,"column":2},"end":{"line":25,"column":3}},{"start":{"line":23,"column":2},"end":{"line":25,"column":3}}],"line":23},"3":{"loc":{"start":{"line":27,"column":13},"end":{"line":27,"column":30}},"type":"binary-expr","locations":[{"start":{"line":27,"column":13},"end":{"line":27,"column":23}},{"start":{"line":27,"column":27},"end":{"line":27,"column":30}}],"line":27}},"s":{"0":1,"1":1,"2":1,"3":1,"4":0,"5":1,"6":1,"7":0,"8":1,"9":0,"10":1,"11":1,"12":1},"f":{"0":1,"1":1,"2":1},"b":{"0":[0,1],"1":[0,1],"2":[0,1],"3":[1,1]},"_coverageSchema":"1a1c01bbd47fc00a2c39e90264f33305004495a9","hash":"0e04ae5b2832a5809e642bfb84f5c29439099a63"}
}
